<?xml version="1.0" encoding="UTF-8"?>
<!-- Generated by org.testng.reporters.JUnitXMLReporter -->
<testsuite hostname="LAPTOP-0MK9KKKF" ignored="6" name="Default test(failed)" tests="2" failures="2" timestamp="2023-01-05T17:13:01 IST" time="14.888" errors="0">
  <testcase name="verifyAddToCartBackPackTest" time="3.691" classname="TestCases.InventoryPageTest">
    <failure type="java.lang.AssertionError" message="expected [5] but found [4]">
      <![CDATA[java.lang.AssertionError: expected [5] but found [4]
at TestCases.InventoryPageTest.verifyAddToCartBackPackTest(InventoryPageTest.java:63)
at java.util.ArrayList.forEach(Unknown Source)
... Removed 32 stack frames]]>
    </failure>
  </testcase> <!-- verifyAddToCartBackPackTest -->
  <testcase name="verifyClickOnCartTest" time="0.105" classname="TestCases.InventoryPageTest">
    <failure type="java.lang.AssertionError" message="expected [https://www.saucedemo.com/cart.htmlh] but found [https://www.saucedemo.com/cart.html]">
      <![CDATA[java.lang.AssertionError: expected [https://www.saucedemo.com/cart.htmlh] but found [https://www.saucedemo.com/cart.html]
at TestCases.InventoryPageTest.verifyClickOnCartTest(InventoryPageTest.java:69)
at java.util.ArrayList.forEach(Unknown Source)
... Removed 32 stack frames]]>
    </failure>
  </testcase> <!-- verifyClickOnCartTest -->
  <testcase name="verifyFacebookIconTest" time="0.0" classname="TestCases.InventoryPageTest">
    <ignored/>
  </testcase> <!-- verifyFacebookIconTest -->
  <testcase name="verifyLinkedInIconTest" time="0.0" classname="TestCases.InventoryPageTest">
    <ignored/>
  </testcase> <!-- verifyLinkedInIconTest -->
  <testcase name="verifyBotIconTest" time="0.0" classname="TestCases.InventoryPageTest">
    <ignored/>
  </testcase> <!-- verifyBotIconTest -->
  <testcase name="verifyTwitterIconTest" time="0.0" classname="TestCases.InventoryPageTest">
    <ignored/>
  </testcase> <!-- verifyTwitterIconTest -->
  <testcase name="verifySwagBotFooterTest" time="0.0" classname="TestCases.InventoryPageTest">
    <ignored/>
  </testcase> <!-- verifySwagBotFooterTest -->
  <testcase name="verifyProductsLogoTest" time="0.0" classname="TestCases.InventoryPageTest">
    <ignored/>
  </testcase> <!-- verifyProductsLogoTest -->
</testsuite> <!-- Default test(failed) -->
