<?xml version="1.0" encoding="UTF-8"?>
<!-- Generated by org.testng.reporters.JUnitXMLReporter -->
<testsuite hostname="LAPTOP-0MK9KKKF" ignored="5" name="Default test" tests="3" failures="0" timestamp="2023-01-05T17:11:10 IST" time="33.779" errors="0">
  <testcase name="verifyAddToCartBackPackTest" time="3.626" classname="TestCases.InventoryPageTest"/>
  <testcase name="verifyClickOnCartTest" time="0.088" classname="TestCases.InventoryPageTest"/>
  <testcase name="verifySwagBotFooterTest" time="0.054" classname="TestCases.InventoryPageTest"/>
  <testcase name="verifyFacebookIconTest" time="0.0" classname="TestCases.InventoryPageTest">
    <ignored/>
  </testcase> <!-- verifyFacebookIconTest -->
  <testcase name="verifyLinkedInIconTest" time="0.0" classname="TestCases.InventoryPageTest">
    <ignored/>
  </testcase> <!-- verifyLinkedInIconTest -->
  <testcase name="verifyBotIconTest" time="0.0" classname="TestCases.InventoryPageTest">
    <ignored/>
  </testcase> <!-- verifyBotIconTest -->
  <testcase name="verifyTwitterIconTest" time="0.0" classname="TestCases.InventoryPageTest">
    <ignored/>
  </testcase> <!-- verifyTwitterIconTest -->
  <testcase name="verifyProductsLogoTest" time="0.0" classname="TestCases.InventoryPageTest">
    <ignored/>
  </testcase> <!-- verifyProductsLogoTest -->
</testsuite> <!-- Default test -->
