<?xml version="1.0" encoding="UTF-8"?>
<!-- Generated by org.testng.reporters.JUnitXMLReporter -->
<testsuite hostname="LAPTOP-0MK9KKKF" ignored="17" name="Test(failed)" tests="3" failures="0" timestamp="2023-01-06T12:27:10 IST" time="34.479" errors="0">
  <testcase name="verifyAddToCartBackPackTest" time="3.655" classname="TestCases.InventoryPageTest"/>
  <testcase name="verifyClickOnCartTest" time="0.093" classname="TestCases.InventoryPageTest"/>
  <testcase name="verifyBotLogoTest" time="0.074" classname="TestCases.LoginPageTest"/>
  <testcase name="verifyInventoryURL" time="0.0" classname="TestCases.LoginPageTest">
    <ignored/>
  </testcase> <!-- verifyInventoryURL -->
  <testcase name="verifyProductsLogoTest" time="0.0" classname="TestCases.LoginPageTest">
    <ignored/>
  </testcase> <!-- verifyProductsLogoTest -->
  <testcase name="verifyTitleProductTest" time="0.0" classname="TestCases.LoginPageTest">
    <ignored/>
  </testcase> <!-- verifyTitleProductTest -->
  <testcase name="verifyTitleTest" time="0.0" classname="TestCases.LoginPageTest">
    <ignored/>
  </testcase> <!-- verifyTitleTest -->
  <testcase name="verifyProductsLogoTest" time="0.0" classname="TestCases.InventoryPageTest">
    <ignored/>
  </testcase> <!-- verifyProductsLogoTest -->
  <testcase name="verifyLinkedInIconTest" time="0.0" classname="TestCases.LoginPageTest">
    <ignored/>
  </testcase> <!-- verifyLinkedInIconTest -->
  <testcase name="verifyBotIconTest" time="0.0" classname="TestCases.LoginPageTest">
    <ignored/>
  </testcase> <!-- verifyBotIconTest -->
  <testcase name="verifyLoginTest" time="0.0" classname="TestCases.LoginPageTest">
    <ignored/>
  </testcase> <!-- verifyLoginTest -->
  <testcase name="verifyFacebookIconTest" time="0.0" classname="TestCases.InventoryPageTest">
    <ignored/>
  </testcase> <!-- verifyFacebookIconTest -->
  <testcase name="verifyLinkedInIconTest" time="0.0" classname="TestCases.InventoryPageTest">
    <ignored/>
  </testcase> <!-- verifyLinkedInIconTest -->
  <testcase name="verifyLinkTest" time="0.0" classname="TestCases.LoginPageTest">
    <ignored/>
  </testcase> <!-- verifyLinkTest -->
  <testcase name="verifyBotIconTest" time="0.0" classname="TestCases.InventoryPageTest">
    <ignored/>
  </testcase> <!-- verifyBotIconTest -->
  <testcase name="verifyLoginLogoTest" time="0.0" classname="TestCases.LoginPageTest">
    <ignored/>
  </testcase> <!-- verifyLoginLogoTest -->
  <testcase name="verifyTwitterIconTest" time="0.0" classname="TestCases.LoginPageTest">
    <ignored/>
  </testcase> <!-- verifyTwitterIconTest -->
  <testcase name="verifyTwitterIconTest" time="0.0" classname="TestCases.InventoryPageTest">
    <ignored/>
  </testcase> <!-- verifyTwitterIconTest -->
  <testcase name="verifySwagBotFooterTest" time="0.0" classname="TestCases.InventoryPageTest">
    <ignored/>
  </testcase> <!-- verifySwagBotFooterTest -->
  <testcase name="verifyFacebookIconTest" time="0.0" classname="TestCases.LoginPageTest">
    <ignored/>
  </testcase> <!-- verifyFacebookIconTest -->
</testsuite> <!-- Test(failed) -->
